01-Mar-2000 12:36:10.498 INFO [Thread-13] org.apache.coyote.AbstractProtocol.pause Pausing ProtocolHandler ["https-jsse-nio-8443"]
01-Mar-2000 12:36:10.504 INFO [Thread-13] org.apache.coyote.AbstractProtocol.pause Pausing ProtocolHandler ["ajp-nio-8009"]
01-Mar-2000 12:36:10.555 INFO [Thread-13] org.apache.catalina.core.StandardService.stopInternal Stopping service [Catalina]
01-Mar-2000 12:36:10.617 WARNING [localhost-startStop-2] org.apache.catalina.loader.WebappClassLoaderBase.clearReferencesThreads The web application [new-ui] appears to have started a thread named [FileWatchdog] but has failed to stop it. This is very likely to create a memory leak. Stack trace of thread:
 java.lang.Thread.sleep(Native Method)
 org.apache.log4j.helpers.FileWatchdog.run(FileWatchdog.java:104)
01-Mar-2000 12:36:10.731 WARNING [localhost-startStop-2] org.apache.catalina.loader.WebappClassLoaderBase.clearReferencesThreads The web application [discovery-log] appears to have started a thread named [FileWatchdog] but has failed to stop it. This is very likely to create a memory leak. Stack trace of thread:
 java.lang.Thread.sleep(Native Method)
 org.apache.log4j.helpers.FileWatchdog.run(FileWatchdog.java:104)
01-Mar-2000 12:36:10.807 WARNING [localhost-startStop-2] org.apache.catalina.loader.WebappClassLoaderBase.clearReferencesThreads The web application [discovery] appears to have started a thread named [FileWatchdog] but has failed to stop it. This is very likely to create a memory leak. Stack trace of thread:
 java.lang.Thread.sleep(Native Method)
 org.apache.log4j.helpers.FileWatchdog.run(FileWatchdog.java:104)
01-Mar-2000 12:36:11.345 WARNING [localhost-startStop-2] org.apache.catalina.loader.WebappClassLoaderBase.clearReferencesThreads The web application [ucmdb-browser] appears to have started a thread named [FileWatchdog] but has failed to stop it. This is very likely to create a memory leak. Stack trace of thread:
 java.lang.Thread.sleep(Native Method)
 org.apache.log4j.helpers.FileWatchdog.run(FileWatchdog.java:104)
01-Mar-2000 12:36:11.347 WARNING [localhost-startStop-2] org.apache.catalina.loader.WebappClassLoaderBase.clearReferencesThreads The web application [ucmdb-browser] appears to have started a thread named [pool-1-thread-1] but has failed to stop it. This is very likely to create a memory leak. Stack trace of thread:
 java.net.Inet6AddressImpl.lookupAllHostAddr(Native Method)
 java.net.InetAddress$2.lookupAllHostAddr(InetAddress.java:928)
 java.net.InetAddress.getAddressesFromNameService(InetAddress.java:1323)
 java.net.InetAddress.getAllByName0(InetAddress.java:1276)
 java.net.InetAddress.getAllByName(InetAddress.java:1192)
 java.net.InetAddress.getAllByName(InetAddress.java:1126)
 java.net.InetAddress.getByName(InetAddress.java:1076)
 java.net.InetSocketAddress.<init>(InetSocketAddress.java:220)
 com.hp.ucmdb_browser.server.ucmdb_connection.UcmdbConnectionUtil.isAlive(UcmdbConnectionUtil.java:81)
 com.hp.ucmdb_browser.server.ucmdb_connection.UcmdbConnectionUtil.isServerAlive(UcmdbConnectionUtil.java:73)
 com.hp.ucmdb_browser.server.configuration.CustomersRetrieverInitializerBean.retrieveAllConnectionsPerCustomer(CustomersRetrieverInitializerBean.java:94)
 com.hp.ucmdb_browser.server.configuration.CustomersRetrieverInitializerBean.access$000(CustomersRetrieverInitializerBean.java:45)
 com.hp.ucmdb_browser.server.configuration.CustomersRetrieverInitializerBean$1.run(CustomersRetrieverInitializerBean.java:70)
 java.util.concurrent.Executors$RunnableAdapter.call(Executors.java:511)
 java.util.concurrent.FutureTask.runAndReset(FutureTask.java:308)
 java.util.concurrent.ScheduledThreadPoolExecutor$ScheduledFutureTask.access$301(ScheduledThreadPoolExecutor.java:180)
 java.util.concurrent.ScheduledThreadPoolExecutor$ScheduledFutureTask.run(ScheduledThreadPoolExecutor.java:294)
 java.util.concurrent.ThreadPoolExecutor.runWorker(ThreadPoolExecutor.java:1149)
 java.util.concurrent.ThreadPoolExecutor$Worker.run(ThreadPoolExecutor.java:624)
 java.lang.Thread.run(Thread.java:748)
01-Mar-2000 12:36:11.348 WARNING [localhost-startStop-2] org.apache.catalina.loader.WebappClassLoaderBase.clearReferencesThreads The web application [ucmdb-browser] appears to have started a thread named [Thread-24] but has failed to stop it. This is very likely to create a memory leak. Stack trace of thread:
 java.lang.Thread.sleep(Native Method)
 com.hp.ucmdb_browser.server.subservices.impl.CIServiceImpl$KeepaliveRunnable.run(CIServiceImpl.java:1848)
 java.lang.Thread.run(Thread.java:748)
01-Mar-2000 12:36:11.350 SEVERE [localhost-startStop-2] org.apache.catalina.loader.WebappClassLoaderBase.checkThreadLocalMapForLeaks The web application [ucmdb-browser] created a ThreadLocal with key of type [com.codahale.metrics.ThreadLocalRandom$1] (value [com.codahale.metrics.ThreadLocalRandom$1@15c7bcbb]) and a value of type [com.codahale.metrics.ThreadLocalRandom] (value [com.codahale.metrics.ThreadLocalRandom@35b2830b]) but failed to remove it when the web application was stopped. Threads are going to be renewed over time to try and avoid a probable memory leak.
01-Mar-2000 12:36:11.351 SEVERE [localhost-startStop-2] org.apache.catalina.loader.WebappClassLoaderBase.checkThreadLocalMapForLeaks The web application [ucmdb-browser] created a ThreadLocal with key of type [org.owasp.esapi.reference.AbstractAuthenticator.ThreadLocalUser] (value [org.owasp.esapi.reference.AbstractAuthenticator$ThreadLocalUser@47b8ed7d]) and a value of type [org.owasp.esapi.User$1] (value [org.owasp.esapi.User$1@66b3845a]) but failed to remove it when the web application was stopped. Threads are going to be renewed over time to try and avoid a probable memory leak.
01-Mar-2000 12:36:11.352 SEVERE [localhost-startStop-2] org.apache.catalina.loader.WebappClassLoaderBase.checkThreadLocalMapForLeaks The web application [ucmdb-browser] created a ThreadLocal with key of type [com.codahale.metrics.ThreadLocalRandom$1] (value [com.codahale.metrics.ThreadLocalRandom$1@15c7bcbb]) and a value of type [com.codahale.metrics.ThreadLocalRandom] (value [com.codahale.metrics.ThreadLocalRandom@4365c820]) but failed to remove it when the web application was stopped. Threads are going to be renewed over time to try and avoid a probable memory leak.
01-Mar-2000 12:36:11.352 SEVERE [localhost-startStop-2] org.apache.catalina.loader.WebappClassLoaderBase.checkThreadLocalMapForLeaks The web application [ucmdb-browser] created a ThreadLocal with key of type [com.codahale.metrics.ThreadLocalRandom$1] (value [com.codahale.metrics.ThreadLocalRandom$1@15c7bcbb]) and a value of type [com.codahale.metrics.ThreadLocalRandom] (value [com.codahale.metrics.ThreadLocalRandom@43b60634]) but failed to remove it when the web application was stopped. Threads are going to be renewed over time to try and avoid a probable memory leak.
01-Mar-2000 12:36:11.353 SEVERE [localhost-startStop-2] org.apache.catalina.loader.WebappClassLoaderBase.checkThreadLocalMapForLeaks The web application [ucmdb-browser] created a ThreadLocal with key of type [com.codahale.metrics.ThreadLocalRandom$1] (value [com.codahale.metrics.ThreadLocalRandom$1@15c7bcbb]) and a value of type [com.codahale.metrics.ThreadLocalRandom] (value [com.codahale.metrics.ThreadLocalRandom@39dddb4c]) but failed to remove it when the web application was stopped. Threads are going to be renewed over time to try and avoid a probable memory leak.
01-Mar-2000 12:36:11.353 SEVERE [localhost-startStop-2] org.apache.catalina.loader.WebappClassLoaderBase.checkThreadLocalMapForLeaks The web application [ucmdb-browser] created a ThreadLocal with key of type [com.codahale.metrics.ThreadLocalRandom$1] (value [com.codahale.metrics.ThreadLocalRandom$1@15c7bcbb]) and a value of type [com.codahale.metrics.ThreadLocalRandom] (value [com.codahale.metrics.ThreadLocalRandom@7ecf48f7]) but failed to remove it when the web application was stopped. Threads are going to be renewed over time to try and avoid a probable memory leak.
01-Mar-2000 12:36:11.354 SEVERE [localhost-startStop-2] org.apache.catalina.loader.WebappClassLoaderBase.checkThreadLocalMapForLeaks The web application [ucmdb-browser] created a ThreadLocal with key of type [com.codahale.metrics.ThreadLocalRandom$1] (value [com.codahale.metrics.ThreadLocalRandom$1@15c7bcbb]) and a value of type [com.codahale.metrics.ThreadLocalRandom] (value [com.codahale.metrics.ThreadLocalRandom@1306abc6]) but failed to remove it when the web application was stopped. Threads are going to be renewed over time to try and avoid a probable memory leak.
01-Mar-2000 12:36:11.354 SEVERE [localhost-startStop-2] org.apache.catalina.loader.WebappClassLoaderBase.checkThreadLocalMapForLeaks The web application [ucmdb-browser] created a ThreadLocal with key of type [com.codahale.metrics.ThreadLocalRandom$1] (value [com.codahale.metrics.ThreadLocalRandom$1@15c7bcbb]) and a value of type [com.codahale.metrics.ThreadLocalRandom] (value [com.codahale.metrics.ThreadLocalRandom@60f29834]) but failed to remove it when the web application was stopped. Threads are going to be renewed over time to try and avoid a probable memory leak.
01-Mar-2000 12:36:11.355 SEVERE [localhost-startStop-2] org.apache.catalina.loader.WebappClassLoaderBase.checkThreadLocalMapForLeaks The web application [ucmdb-browser] created a ThreadLocal with key of type [com.codahale.metrics.ThreadLocalRandom$1] (value [com.codahale.metrics.ThreadLocalRandom$1@15c7bcbb]) and a value of type [com.codahale.metrics.ThreadLocalRandom] (value [com.codahale.metrics.ThreadLocalRandom@372238dd]) but failed to remove it when the web application was stopped. Threads are going to be renewed over time to try and avoid a probable memory leak.
01-Mar-2000 12:36:11.355 SEVERE [localhost-startStop-2] org.apache.catalina.loader.WebappClassLoaderBase.checkThreadLocalMapForLeaks The web application [ucmdb-browser] created a ThreadLocal with key of type [org.springframework.core.NamedInheritableThreadLocal] (value [Request context]) and a value of type [org.springframework.web.context.request.ServletRequestAttributes] (value [org.apache.catalina.connector.RequestFacade@fd449da]) but failed to remove it when the web application was stopped. Threads are going to be renewed over time to try and avoid a probable memory leak.
01-Mar-2000 12:36:11.356 SEVERE [localhost-startStop-2] org.apache.catalina.loader.WebappClassLoaderBase.checkThreadLocalMapForLeaks The web application [ucmdb-browser] created a ThreadLocal with key of type [org.springframework.core.NamedInheritableThreadLocal] (value [Locale context]) and a value of type [org.springframework.context.i18n.SimpleLocaleContext] (value [en_US]) but failed to remove it when the web application was stopped. Threads are going to be renewed over time to try and avoid a probable memory leak.
01-Mar-2000 12:36:11.356 SEVERE [localhost-startStop-2] org.apache.catalina.loader.WebappClassLoaderBase.checkThreadLocalMapForLeaks The web application [ucmdb-browser] created a ThreadLocal with key of type [com.codahale.metrics.ThreadLocalRandom$1] (value [com.codahale.metrics.ThreadLocalRandom$1@15c7bcbb]) and a value of type [com.codahale.metrics.ThreadLocalRandom] (value [com.codahale.metrics.ThreadLocalRandom@33ae463e]) but failed to remove it when the web application was stopped. Threads are going to be renewed over time to try and avoid a probable memory leak.
01-Mar-2000 12:36:11.356 SEVERE [localhost-startStop-2] org.apache.catalina.loader.WebappClassLoaderBase.checkThreadLocalMapForLeaks The web application [ucmdb-browser] created a ThreadLocal with key of type [org.springframework.core.NamedInheritableThreadLocal] (value [Request context]) and a value of type [org.springframework.web.context.request.ServletRequestAttributes] (value [org.apache.catalina.connector.RequestFacade@7c5c746e]) but failed to remove it when the web application was stopped. Threads are going to be renewed over time to try and avoid a probable memory leak.
01-Mar-2000 12:36:11.357 SEVERE [localhost-startStop-2] org.apache.catalina.loader.WebappClassLoaderBase.checkThreadLocalMapForLeaks The web application [ucmdb-browser] created a ThreadLocal with key of type [org.springframework.core.NamedInheritableThreadLocal] (value [Locale context]) and a value of type [org.springframework.context.i18n.SimpleLocaleContext] (value [en_US]) but failed to remove it when the web application was stopped. Threads are going to be renewed over time to try and avoid a probable memory leak.
01-Mar-2000 12:36:11.357 SEVERE [localhost-startStop-2] org.apache.catalina.loader.WebappClassLoaderBase.checkThreadLocalMapForLeaks The web application [ucmdb-browser] created a ThreadLocal with key of type [com.codahale.metrics.ThreadLocalRandom$1] (value [com.codahale.metrics.ThreadLocalRandom$1@15c7bcbb]) and a value of type [com.codahale.metrics.ThreadLocalRandom] (value [com.codahale.metrics.ThreadLocalRandom@15508316]) but failed to remove it when the web application was stopped. Threads are going to be renewed over time to try and avoid a probable memory leak.
01-Mar-2000 12:36:11.357 SEVERE [localhost-startStop-2] org.apache.catalina.loader.WebappClassLoaderBase.checkThreadLocalMapForLeaks The web application [ucmdb-browser] created a ThreadLocal with key of type [org.owasp.esapi.reference.AbstractAuthenticator.ThreadLocalUser] (value [org.owasp.esapi.reference.AbstractAuthenticator$ThreadLocalUser@47b8ed7d]) and a value of type [org.owasp.esapi.User$1] (value [org.owasp.esapi.User$1@66b3845a]) but failed to remove it when the web application was stopped. Threads are going to be renewed over time to try and avoid a probable memory leak.
01-Mar-2000 12:36:11.358 SEVERE [localhost-startStop-2] org.apache.catalina.loader.WebappClassLoaderBase.checkThreadLocalMapForLeaks The web application [ucmdb-browser] created a ThreadLocal with key of type [com.codahale.metrics.ThreadLocalRandom$1] (value [com.codahale.metrics.ThreadLocalRandom$1@15c7bcbb]) and a value of type [com.codahale.metrics.ThreadLocalRandom] (value [com.codahale.metrics.ThreadLocalRandom@61179ab0]) but failed to remove it when the web application was stopped. Threads are going to be renewed over time to try and avoid a probable memory leak.
01-Mar-2000 12:36:11.358 SEVERE [localhost-startStop-2] org.apache.catalina.loader.WebappClassLoaderBase.checkThreadLocalMapForLeaks The web application [ucmdb-browser] created a ThreadLocal with key of type [org.owasp.esapi.reference.AbstractAuthenticator.ThreadLocalUser] (value [org.owasp.esapi.reference.AbstractAuthenticator$ThreadLocalUser@47b8ed7d]) and a value of type [org.owasp.esapi.User$1] (value [org.owasp.esapi.User$1@66b3845a]) but failed to remove it when the web application was stopped. Threads are going to be renewed over time to try and avoid a probable memory leak.
01-Mar-2000 12:36:11.366 INFO [Thread-13] org.apache.coyote.AbstractProtocol.stop Stopping ProtocolHandler ["https-jsse-nio-8443"]
01-Mar-2000 12:36:11.370 INFO [Thread-13] org.apache.coyote.AbstractProtocol.stop Stopping ProtocolHandler ["ajp-nio-8009"]
01-Mar-2000 12:36:11.377 INFO [Thread-13] org.apache.coyote.AbstractProtocol.destroy Destroying ProtocolHandler ["https-jsse-nio-8443"]
01-Mar-2000 12:36:11.380 INFO [Thread-13] org.apache.coyote.AbstractProtocol.destroy Destroying ProtocolHandler ["ajp-nio-8009"]
