01-Feb-2018 20:38:29.517 INFO [Thread-13] org.apache.coyote.AbstractProtocol.pause Pausing ProtocolHandler ["https-jsse-nio-8443"]
01-Feb-2018 20:38:29.572 INFO [Thread-13] org.apache.coyote.AbstractProtocol.pause Pausing ProtocolHandler ["ajp-nio-8009"]
01-Feb-2018 20:38:29.625 INFO [Thread-13] org.apache.catalina.core.StandardService.stopInternal Stopping service [Catalina]
01-Feb-2018 20:38:29.718 WARNING [localhost-startStop-2] org.apache.catalina.loader.WebappClassLoaderBase.clearReferencesThreads The web application [new-ui] appears to have started a thread named [FileWatchdog] but has failed to stop it. This is very likely to create a memory leak. Stack trace of thread:
 java.lang.Thread.sleep(Native Method)
 org.apache.log4j.helpers.FileWatchdog.run(FileWatchdog.java:104)
01-Feb-2018 20:38:29.787 WARNING [localhost-startStop-2] org.apache.catalina.loader.WebappClassLoaderBase.clearReferencesThreads The web application [discovery-log] appears to have started a thread named [FileWatchdog] but has failed to stop it. This is very likely to create a memory leak. Stack trace of thread:
 java.lang.Thread.sleep(Native Method)
 org.apache.log4j.helpers.FileWatchdog.run(FileWatchdog.java:104)
01-Feb-2018 20:38:29.857 WARNING [localhost-startStop-2] org.apache.catalina.loader.WebappClassLoaderBase.clearReferencesThreads The web application [discovery] appears to have started a thread named [FileWatchdog] but has failed to stop it. This is very likely to create a memory leak. Stack trace of thread:
 java.lang.Thread.sleep(Native Method)
 org.apache.log4j.helpers.FileWatchdog.run(FileWatchdog.java:104)
01-Feb-2018 20:38:30.490 WARNING [localhost-startStop-2] org.apache.catalina.loader.WebappClassLoaderBase.clearReferencesThreads The web application [ucmdb-browser] appears to have started a thread named [FileWatchdog] but has failed to stop it. This is very likely to create a memory leak. Stack trace of thread:
 java.lang.Thread.sleep(Native Method)
 org.apache.log4j.helpers.FileWatchdog.run(FileWatchdog.java:104)
01-Feb-2018 20:38:30.491 WARNING [localhost-startStop-2] org.apache.catalina.loader.WebappClassLoaderBase.clearReferencesThreads The web application [ucmdb-browser] appears to have started a thread named [Thread-24] but has failed to stop it. This is very likely to create a memory leak. Stack trace of thread:
 java.lang.Thread.sleep(Native Method)
 com.hp.ucmdb_browser.server.subservices.impl.CIServiceImpl$KeepaliveRunnable.run(CIServiceImpl.java:1848)
 java.lang.Thread.run(Thread.java:748)
01-Feb-2018 20:38:30.491 SEVERE [localhost-startStop-2] org.apache.catalina.loader.WebappClassLoaderBase.checkThreadLocalMapForLeaks The web application [ucmdb-browser] created a ThreadLocal with key of type [org.springframework.core.NamedInheritableThreadLocal] (value [Request context]) and a value of type [org.springframework.web.context.request.ServletRequestAttributes] (value [org.apache.catalina.connector.RequestFacade@4b0eeddf]) but failed to remove it when the web application was stopped. Threads are going to be renewed over time to try and avoid a probable memory leak.
01-Feb-2018 20:38:30.492 SEVERE [localhost-startStop-2] org.apache.catalina.loader.WebappClassLoaderBase.checkThreadLocalMapForLeaks The web application [ucmdb-browser] created a ThreadLocal with key of type [org.springframework.core.NamedInheritableThreadLocal] (value [Locale context]) and a value of type [org.springframework.context.i18n.SimpleLocaleContext] (value [en_US]) but failed to remove it when the web application was stopped. Threads are going to be renewed over time to try and avoid a probable memory leak.
01-Feb-2018 20:38:30.493 SEVERE [localhost-startStop-2] org.apache.catalina.loader.WebappClassLoaderBase.checkThreadLocalMapForLeaks The web application [ucmdb-browser] created a ThreadLocal with key of type [com.codahale.metrics.ThreadLocalRandom$1] (value [com.codahale.metrics.ThreadLocalRandom$1@6f2a7a39]) and a value of type [com.codahale.metrics.ThreadLocalRandom] (value [com.codahale.metrics.ThreadLocalRandom@7252265e]) but failed to remove it when the web application was stopped. Threads are going to be renewed over time to try and avoid a probable memory leak.
01-Feb-2018 20:38:30.493 SEVERE [localhost-startStop-2] org.apache.catalina.loader.WebappClassLoaderBase.checkThreadLocalMapForLeaks The web application [ucmdb-browser] created a ThreadLocal with key of type [com.codahale.metrics.ThreadLocalRandom$1] (value [com.codahale.metrics.ThreadLocalRandom$1@6f2a7a39]) and a value of type [com.codahale.metrics.ThreadLocalRandom] (value [com.codahale.metrics.ThreadLocalRandom@604f7ab7]) but failed to remove it when the web application was stopped. Threads are going to be renewed over time to try and avoid a probable memory leak.
01-Feb-2018 20:38:30.494 SEVERE [localhost-startStop-2] org.apache.catalina.loader.WebappClassLoaderBase.checkThreadLocalMapForLeaks The web application [ucmdb-browser] created a ThreadLocal with key of type [com.codahale.metrics.ThreadLocalRandom$1] (value [com.codahale.metrics.ThreadLocalRandom$1@6f2a7a39]) and a value of type [com.codahale.metrics.ThreadLocalRandom] (value [com.codahale.metrics.ThreadLocalRandom@19a9d20a]) but failed to remove it when the web application was stopped. Threads are going to be renewed over time to try and avoid a probable memory leak.
01-Feb-2018 20:38:30.494 SEVERE [localhost-startStop-2] org.apache.catalina.loader.WebappClassLoaderBase.checkThreadLocalMapForLeaks The web application [ucmdb-browser] created a ThreadLocal with key of type [com.codahale.metrics.ThreadLocalRandom$1] (value [com.codahale.metrics.ThreadLocalRandom$1@6f2a7a39]) and a value of type [com.codahale.metrics.ThreadLocalRandom] (value [com.codahale.metrics.ThreadLocalRandom@256e98b4]) but failed to remove it when the web application was stopped. Threads are going to be renewed over time to try and avoid a probable memory leak.
01-Feb-2018 20:38:30.495 SEVERE [localhost-startStop-2] org.apache.catalina.loader.WebappClassLoaderBase.checkThreadLocalMapForLeaks The web application [ucmdb-browser] created a ThreadLocal with key of type [com.codahale.metrics.ThreadLocalRandom$1] (value [com.codahale.metrics.ThreadLocalRandom$1@6f2a7a39]) and a value of type [com.codahale.metrics.ThreadLocalRandom] (value [com.codahale.metrics.ThreadLocalRandom@466d2a91]) but failed to remove it when the web application was stopped. Threads are going to be renewed over time to try and avoid a probable memory leak.
01-Feb-2018 20:38:30.495 SEVERE [localhost-startStop-2] org.apache.catalina.loader.WebappClassLoaderBase.checkThreadLocalMapForLeaks The web application [ucmdb-browser] created a ThreadLocal with key of type [org.springframework.core.NamedInheritableThreadLocal] (value [Request context]) and a value of type [org.springframework.web.context.request.ServletRequestAttributes] (value [org.apache.catalina.connector.RequestFacade@57bb7012]) but failed to remove it when the web application was stopped. Threads are going to be renewed over time to try and avoid a probable memory leak.
01-Feb-2018 20:38:30.496 SEVERE [localhost-startStop-2] org.apache.catalina.loader.WebappClassLoaderBase.checkThreadLocalMapForLeaks The web application [ucmdb-browser] created a ThreadLocal with key of type [org.springframework.core.NamedInheritableThreadLocal] (value [Locale context]) and a value of type [org.springframework.context.i18n.SimpleLocaleContext] (value [en_US]) but failed to remove it when the web application was stopped. Threads are going to be renewed over time to try and avoid a probable memory leak.
01-Feb-2018 20:38:30.496 SEVERE [localhost-startStop-2] org.apache.catalina.loader.WebappClassLoaderBase.checkThreadLocalMapForLeaks The web application [ucmdb-browser] created a ThreadLocal with key of type [com.codahale.metrics.ThreadLocalRandom$1] (value [com.codahale.metrics.ThreadLocalRandom$1@6f2a7a39]) and a value of type [com.codahale.metrics.ThreadLocalRandom] (value [com.codahale.metrics.ThreadLocalRandom@5d6c7a29]) but failed to remove it when the web application was stopped. Threads are going to be renewed over time to try and avoid a probable memory leak.
01-Feb-2018 20:38:30.496 SEVERE [localhost-startStop-2] org.apache.catalina.loader.WebappClassLoaderBase.checkThreadLocalMapForLeaks The web application [ucmdb-browser] created a ThreadLocal with key of type [com.codahale.metrics.ThreadLocalRandom$1] (value [com.codahale.metrics.ThreadLocalRandom$1@6f2a7a39]) and a value of type [com.codahale.metrics.ThreadLocalRandom] (value [com.codahale.metrics.ThreadLocalRandom@a02da0c]) but failed to remove it when the web application was stopped. Threads are going to be renewed over time to try and avoid a probable memory leak.
01-Feb-2018 20:38:30.497 SEVERE [localhost-startStop-2] org.apache.catalina.loader.WebappClassLoaderBase.checkThreadLocalMapForLeaks The web application [ucmdb-browser] created a ThreadLocal with key of type [com.codahale.metrics.ThreadLocalRandom$1] (value [com.codahale.metrics.ThreadLocalRandom$1@6f2a7a39]) and a value of type [com.codahale.metrics.ThreadLocalRandom] (value [com.codahale.metrics.ThreadLocalRandom@5bf858c0]) but failed to remove it when the web application was stopped. Threads are going to be renewed over time to try and avoid a probable memory leak.
01-Feb-2018 20:38:30.497 SEVERE [localhost-startStop-2] org.apache.catalina.loader.WebappClassLoaderBase.checkThreadLocalMapForLeaks The web application [ucmdb-browser] created a ThreadLocal with key of type [com.codahale.metrics.ThreadLocalRandom$1] (value [com.codahale.metrics.ThreadLocalRandom$1@6f2a7a39]) and a value of type [com.codahale.metrics.ThreadLocalRandom] (value [com.codahale.metrics.ThreadLocalRandom@74eed88c]) but failed to remove it when the web application was stopped. Threads are going to be renewed over time to try and avoid a probable memory leak.
01-Feb-2018 20:38:30.504 INFO [Thread-13] org.apache.coyote.AbstractProtocol.stop Stopping ProtocolHandler ["https-jsse-nio-8443"]
01-Feb-2018 20:38:30.507 INFO [Thread-13] org.apache.coyote.AbstractProtocol.stop Stopping ProtocolHandler ["ajp-nio-8009"]
01-Feb-2018 20:38:30.510 INFO [Thread-13] org.apache.coyote.AbstractProtocol.destroy Destroying ProtocolHandler ["https-jsse-nio-8443"]
01-Feb-2018 20:38:30.512 INFO [Thread-13] org.apache.coyote.AbstractProtocol.destroy Destroying ProtocolHandler ["ajp-nio-8009"]
01-Feb-2018 21:46:56.669 WARNING [main] org.apache.tomcat.util.digester.SetPropertiesRule.begin [SetPropertiesRule]{Server/Service/Engine/Host/Valve} Setting property 'resolveHosts' to 'false' did not find a matching property.
01-Feb-2018 21:46:56.857 INFO [main] org.apache.coyote.AbstractProtocol.init Initializing ProtocolHandler ["https-jsse-nio-8443"]
01-Feb-2018 21:46:56.937 INFO [main] org.apache.tomcat.util.net.NioSelectorPool.getSharedSelector Using a shared selector for servlet write/read
01-Feb-2018 21:46:56.939 INFO [main] org.apache.coyote.AbstractProtocol.init Initializing ProtocolHandler ["ajp-nio-8009"]
01-Feb-2018 21:46:56.942 INFO [main] org.apache.tomcat.util.net.NioSelectorPool.getSharedSelector Using a shared selector for servlet write/read
01-Feb-2018 21:46:56.942 INFO [main] org.apache.catalina.startup.Catalina.load Initialization processed in 2678 ms
01-Feb-2018 21:46:56.955 INFO [main] org.apache.catalina.core.StandardService.startInternal Starting service [Catalina]
01-Feb-2018 21:46:56.955 INFO [main] org.apache.catalina.core.StandardEngine.startInternal Starting Servlet Engine: Apache Tomcat
01-Feb-2018 21:46:57.449 INFO [localhost-startStop-1] org.apache.catalina.startup.HostConfig.deployWAR Deploying web application archive [/usr/local/tomcat/webapps/discovery-log.war]
01-Feb-2018 21:47:04.881 INFO [localhost-startStop-1] org.apache.jasper.servlet.TldScanner.scanJars At least one JAR was scanned for TLDs yet contained no TLDs. Enable debug logging for this logger for a complete list of JARs that were scanned but no TLDs were found in them. Skipping unneeded JARs during scanning can improve startup time and JSP compilation time.
01-Feb-2018 21:47:07.762 INFO [localhost-startStop-1] org.apache.catalina.startup.HostConfig.deployWAR Deployment of web application archive [/usr/local/tomcat/webapps/discovery-log.war] has finished in [10,313] ms
01-Feb-2018 21:47:07.844 INFO [localhost-startStop-1] org.apache.catalina.startup.HostConfig.deployWAR Deploying web application archive [/usr/local/tomcat/webapps/discovery.war]
01-Feb-2018 21:47:11.162 INFO [localhost-startStop-1] org.apache.jasper.servlet.TldScanner.scanJars At least one JAR was scanned for TLDs yet contained no TLDs. Enable debug logging for this logger for a complete list of JARs that were scanned but no TLDs were found in them. Skipping unneeded JARs during scanning can improve startup time and JSP compilation time.
01-Feb-2018 21:47:13.003 INFO [localhost-startStop-1] org.apache.catalina.startup.HostConfig.deployWAR Deployment of web application archive [/usr/local/tomcat/webapps/discovery.war] has finished in [5,159] ms
01-Feb-2018 21:47:13.116 INFO [localhost-startStop-1] org.apache.catalina.startup.HostConfig.deployWAR Deploying web application archive [/usr/local/tomcat/webapps/new-ui.war]
01-Feb-2018 21:47:17.334 INFO [localhost-startStop-1] org.apache.jasper.servlet.TldScanner.scanJars At least one JAR was scanned for TLDs yet contained no TLDs. Enable debug logging for this logger for a complete list of JARs that were scanned but no TLDs were found in them. Skipping unneeded JARs during scanning can improve startup time and JSP compilation time.
01-Feb-2018 21:47:18.207 INFO [localhost-startStop-1] org.apache.catalina.startup.HostConfig.deployWAR Deployment of web application archive [/usr/local/tomcat/webapps/new-ui.war] has finished in [5,090] ms
01-Feb-2018 21:47:18.425 INFO [localhost-startStop-1] org.apache.catalina.startup.HostConfig.deployWAR Deploying web application archive [/usr/local/tomcat/webapps/ucmdb-browser.war]
01-Feb-2018 21:47:42.168 INFO [localhost-startStop-1] org.apache.jasper.servlet.TldScanner.scanJars At least one JAR was scanned for TLDs yet contained no TLDs. Enable debug logging for this logger for a complete list of JARs that were scanned but no TLDs were found in them. Skipping unneeded JARs during scanning can improve startup time and JSP compilation time.
01-Feb-2018 21:47:44.639 INFO [localhost-startStop-1] org.apache.catalina.startup.HostConfig.deployWAR Deployment of web application archive [/usr/local/tomcat/webapps/ucmdb-browser.war] has finished in [26,214] ms
01-Feb-2018 21:47:44.643 INFO [main] org.apache.coyote.AbstractProtocol.start Starting ProtocolHandler ["https-jsse-nio-8443"]
01-Feb-2018 21:47:44.649 INFO [main] org.apache.coyote.AbstractProtocol.start Starting ProtocolHandler ["ajp-nio-8009"]
01-Feb-2018 21:47:44.652 INFO [main] org.apache.catalina.startup.Catalina.start Server startup in 47709 ms
