23-Feb-2018 08:08:10.747 WARNING [main] org.apache.tomcat.util.digester.SetPropertiesRule.begin [SetPropertiesRule]{Server/Service/Engine/Host/Valve} Setting property 'resolveHosts' to 'false' did not find a matching property.
23-Feb-2018 08:08:11.696 INFO [main] org.apache.coyote.AbstractProtocol.init Initializing ProtocolHandler ["https-jsse-nio-8443"]
23-Feb-2018 08:08:12.786 INFO [main] org.apache.tomcat.util.net.NioSelectorPool.getSharedSelector Using a shared selector for servlet write/read
23-Feb-2018 08:08:12.788 INFO [main] org.apache.coyote.AbstractProtocol.init Initializing ProtocolHandler ["ajp-nio-8009"]
23-Feb-2018 08:08:12.790 INFO [main] org.apache.tomcat.util.net.NioSelectorPool.getSharedSelector Using a shared selector for servlet write/read
23-Feb-2018 08:08:12.790 INFO [main] org.apache.catalina.startup.Catalina.load Initialization processed in 4723 ms
23-Feb-2018 08:08:12.803 INFO [main] org.apache.catalina.core.StandardService.startInternal Starting service [Catalina]
23-Feb-2018 08:08:12.803 INFO [main] org.apache.catalina.core.StandardEngine.startInternal Starting Servlet Engine: Apache Tomcat
23-Feb-2018 08:08:12.989 INFO [localhost-startStop-1] org.apache.catalina.startup.HostConfig.deployWAR Deploying web application archive [/usr/local/tomcat/webapps/discovery-log.war]
23-Feb-2018 08:08:17.277 INFO [localhost-startStop-1] org.apache.jasper.servlet.TldScanner.scanJars At least one JAR was scanned for TLDs yet contained no TLDs. Enable debug logging for this logger for a complete list of JARs that were scanned but no TLDs were found in them. Skipping unneeded JARs during scanning can improve startup time and JSP compilation time.
23-Feb-2018 08:08:18.860 INFO [localhost-startStop-1] org.apache.catalina.startup.HostConfig.deployWAR Deployment of web application archive [/usr/local/tomcat/webapps/discovery-log.war] has finished in [5,868] ms
23-Feb-2018 08:08:18.861 INFO [localhost-startStop-1] org.apache.catalina.startup.HostConfig.deployWAR Deploying web application archive [/usr/local/tomcat/webapps/discovery.war]
23-Feb-2018 08:08:22.214 INFO [localhost-startStop-1] org.apache.jasper.servlet.TldScanner.scanJars At least one JAR was scanned for TLDs yet contained no TLDs. Enable debug logging for this logger for a complete list of JARs that were scanned but no TLDs were found in them. Skipping unneeded JARs during scanning can improve startup time and JSP compilation time.
23-Feb-2018 08:08:23.854 INFO [localhost-startStop-1] org.apache.catalina.startup.HostConfig.deployWAR Deployment of web application archive [/usr/local/tomcat/webapps/discovery.war] has finished in [4,993] ms
23-Feb-2018 08:08:23.855 INFO [localhost-startStop-1] org.apache.catalina.startup.HostConfig.deployWAR Deploying web application archive [/usr/local/tomcat/webapps/new-ui.war]
23-Feb-2018 08:08:26.441 INFO [localhost-startStop-1] org.apache.jasper.servlet.TldScanner.scanJars At least one JAR was scanned for TLDs yet contained no TLDs. Enable debug logging for this logger for a complete list of JARs that were scanned but no TLDs were found in them. Skipping unneeded JARs during scanning can improve startup time and JSP compilation time.
23-Feb-2018 08:08:27.384 INFO [localhost-startStop-1] org.apache.catalina.startup.HostConfig.deployWAR Deployment of web application archive [/usr/local/tomcat/webapps/new-ui.war] has finished in [3,529] ms
23-Feb-2018 08:08:27.387 INFO [localhost-startStop-1] org.apache.catalina.startup.HostConfig.deployWAR Deploying web application archive [/usr/local/tomcat/webapps/ucmdb-browser.war]
23-Feb-2018 08:08:34.102 INFO [localhost-startStop-1] org.apache.jasper.servlet.TldScanner.scanJars At least one JAR was scanned for TLDs yet contained no TLDs. Enable debug logging for this logger for a complete list of JARs that were scanned but no TLDs were found in them. Skipping unneeded JARs during scanning can improve startup time and JSP compilation time.
23-Feb-2018 08:08:36.355 INFO [localhost-startStop-1] org.apache.catalina.startup.HostConfig.deployWAR Deployment of web application archive [/usr/local/tomcat/webapps/ucmdb-browser.war] has finished in [8,968] ms
23-Feb-2018 08:08:36.360 INFO [main] org.apache.coyote.AbstractProtocol.start Starting ProtocolHandler ["https-jsse-nio-8443"]
23-Feb-2018 08:08:36.370 INFO [main] org.apache.coyote.AbstractProtocol.start Starting ProtocolHandler ["ajp-nio-8009"]
23-Feb-2018 08:08:36.388 INFO [main] org.apache.catalina.startup.Catalina.start Server startup in 23597 ms
23-Feb-2018 08:09:43.086 INFO [Thread-13] org.apache.coyote.AbstractProtocol.pause Pausing ProtocolHandler ["https-jsse-nio-8443"]
23-Feb-2018 08:09:43.137 INFO [Thread-13] org.apache.coyote.AbstractProtocol.pause Pausing ProtocolHandler ["ajp-nio-8009"]
23-Feb-2018 08:09:43.188 INFO [Thread-13] org.apache.catalina.core.StandardService.stopInternal Stopping service [Catalina]
23-Feb-2018 08:09:27.742 WARNING [main] org.apache.tomcat.util.digester.SetPropertiesRule.begin [SetPropertiesRule]{Server/Service/Engine/Host/Valve} Setting property 'resolveHosts' to 'false' did not find a matching property.
23-Feb-2018 08:09:27.794 INFO [main] org.apache.coyote.AbstractProtocol.init Initializing ProtocolHandler ["https-jsse-nio-8443"]
23-Feb-2018 08:09:27.860 INFO [main] org.apache.tomcat.util.net.NioSelectorPool.getSharedSelector Using a shared selector for servlet write/read
23-Feb-2018 08:09:27.862 INFO [main] org.apache.coyote.AbstractProtocol.init Initializing ProtocolHandler ["ajp-nio-8009"]
23-Feb-2018 08:09:27.863 INFO [main] org.apache.tomcat.util.net.NioSelectorPool.getSharedSelector Using a shared selector for servlet write/read
23-Feb-2018 08:09:27.863 INFO [main] org.apache.catalina.startup.Catalina.load Initialization processed in 765 ms
23-Feb-2018 08:09:27.874 INFO [main] org.apache.catalina.core.StandardService.startInternal Starting service [Catalina]
23-Feb-2018 08:09:27.874 INFO [main] org.apache.catalina.core.StandardEngine.startInternal Starting Servlet Engine: Apache Tomcat
23-Feb-2018 08:09:27.979 INFO [localhost-startStop-1] org.apache.catalina.startup.HostConfig.deployWAR Deploying web application archive [/usr/local/tomcat/webapps/discovery-log.war]
23-Feb-2018 08:09:31.009 INFO [localhost-startStop-1] org.apache.jasper.servlet.TldScanner.scanJars At least one JAR was scanned for TLDs yet contained no TLDs. Enable debug logging for this logger for a complete list of JARs that were scanned but no TLDs were found in them. Skipping unneeded JARs during scanning can improve startup time and JSP compilation time.
23-Feb-2018 08:09:33.024 WARNING [localhost-startStop-1] org.apache.catalina.util.SessionIdGeneratorBase.createSecureRandom Creation of SecureRandom instance for session ID generation using [SHA1PRNG] took [1,261] milliseconds.
23-Feb-2018 08:09:33.447 INFO [localhost-startStop-1] org.apache.catalina.startup.HostConfig.deployWAR Deployment of web application archive [/usr/local/tomcat/webapps/discovery-log.war] has finished in [5,468] ms
23-Feb-2018 08:09:33.595 INFO [localhost-startStop-1] org.apache.catalina.startup.HostConfig.deployWAR Deploying web application archive [/usr/local/tomcat/webapps/discovery.war]
23-Feb-2018 08:09:36.180 INFO [localhost-startStop-1] org.apache.jasper.servlet.TldScanner.scanJars At least one JAR was scanned for TLDs yet contained no TLDs. Enable debug logging for this logger for a complete list of JARs that were scanned but no TLDs were found in them. Skipping unneeded JARs during scanning can improve startup time and JSP compilation time.
23-Feb-2018 08:09:58.412 WARNING [localhost-startStop-1] org.apache.catalina.util.SessionIdGeneratorBase.createSecureRandom Creation of SecureRandom instance for session ID generation using [SHA1PRNG] took [21,365] milliseconds.
23-Feb-2018 08:09:58.872 INFO [localhost-startStop-1] org.apache.catalina.startup.HostConfig.deployWAR Deployment of web application archive [/usr/local/tomcat/webapps/discovery.war] has finished in [25,277] ms
23-Feb-2018 08:09:59.164 INFO [localhost-startStop-1] org.apache.catalina.startup.HostConfig.deployWAR Deploying web application archive [/usr/local/tomcat/webapps/new-ui.war]
23-Feb-2018 08:10:02.547 INFO [localhost-startStop-1] org.apache.jasper.servlet.TldScanner.scanJars At least one JAR was scanned for TLDs yet contained no TLDs. Enable debug logging for this logger for a complete list of JARs that were scanned but no TLDs were found in them. Skipping unneeded JARs during scanning can improve startup time and JSP compilation time.
23-Feb-2018 08:10:03.248 INFO [localhost-startStop-1] org.apache.catalina.startup.HostConfig.deployWAR Deployment of web application archive [/usr/local/tomcat/webapps/new-ui.war] has finished in [4,084] ms
23-Feb-2018 08:10:03.301 INFO [localhost-startStop-1] org.apache.catalina.startup.HostConfig.deployWAR Deploying web application archive [/usr/local/tomcat/webapps/ucmdb-browser.war]
23-Feb-2018 08:10:15.317 INFO [localhost-startStop-1] org.apache.jasper.servlet.TldScanner.scanJars At least one JAR was scanned for TLDs yet contained no TLDs. Enable debug logging for this logger for a complete list of JARs that were scanned but no TLDs were found in them. Skipping unneeded JARs during scanning can improve startup time and JSP compilation time.
23-Feb-2018 08:10:18.667 INFO [localhost-startStop-1] org.apache.catalina.startup.HostConfig.deployWAR Deployment of web application archive [/usr/local/tomcat/webapps/ucmdb-browser.war] has finished in [15,366] ms
23-Feb-2018 08:10:18.671 INFO [main] org.apache.coyote.AbstractProtocol.start Starting ProtocolHandler ["https-jsse-nio-8443"]
23-Feb-2018 08:10:18.677 INFO [main] org.apache.coyote.AbstractProtocol.start Starting ProtocolHandler ["ajp-nio-8009"]
23-Feb-2018 08:10:18.680 INFO [main] org.apache.catalina.startup.Catalina.start Server startup in 50816 ms
23-Feb-2018 10:11:22.793 INFO [Thread-13] org.apache.coyote.AbstractProtocol.pause Pausing ProtocolHandler ["https-jsse-nio-8443"]
23-Feb-2018 10:11:22.844 INFO [Thread-13] org.apache.coyote.AbstractProtocol.pause Pausing ProtocolHandler ["ajp-nio-8009"]
23-Feb-2018 10:11:22.895 INFO [Thread-13] org.apache.catalina.core.StandardService.stopInternal Stopping service [Catalina]
23-Feb-2018 10:11:22.924 WARNING [localhost-startStop-2] org.apache.catalina.loader.WebappClassLoaderBase.clearReferencesThreads The web application [new-ui] appears to have started a thread named [FileWatchdog] but has failed to stop it. This is very likely to create a memory leak. Stack trace of thread:
 java.lang.Thread.sleep(Native Method)
 org.apache.log4j.helpers.FileWatchdog.run(FileWatchdog.java:104)
23-Feb-2018 10:11:22.949 WARNING [localhost-startStop-2] org.apache.catalina.loader.WebappClassLoaderBase.clearReferencesThreads The web application [discovery-log] appears to have started a thread named [FileWatchdog] but has failed to stop it. This is very likely to create a memory leak. Stack trace of thread:
 java.lang.Thread.sleep(Native Method)
 org.apache.log4j.helpers.FileWatchdog.run(FileWatchdog.java:104)
23-Feb-2018 10:11:22.973 WARNING [localhost-startStop-2] org.apache.catalina.loader.WebappClassLoaderBase.clearReferencesThreads The web application [discovery] appears to have started a thread named [FileWatchdog] but has failed to stop it. This is very likely to create a memory leak. Stack trace of thread:
 java.lang.Thread.sleep(Native Method)
 org.apache.log4j.helpers.FileWatchdog.run(FileWatchdog.java:104)
23-Feb-2018 10:11:23.469 WARNING [localhost-startStop-2] org.apache.catalina.loader.WebappClassLoaderBase.clearReferencesThreads The web application [ucmdb-browser] appears to have started a thread named [FileWatchdog] but has failed to stop it. This is very likely to create a memory leak. Stack trace of thread:
 java.lang.Thread.sleep(Native Method)
 org.apache.log4j.helpers.FileWatchdog.run(FileWatchdog.java:104)
23-Feb-2018 10:11:23.471 WARNING [localhost-startStop-2] org.apache.catalina.loader.WebappClassLoaderBase.clearReferencesThreads The web application [ucmdb-browser] appears to have started a thread named [Thread-25] but has failed to stop it. This is very likely to create a memory leak. Stack trace of thread:
 java.lang.Thread.sleep(Native Method)
 com.hp.ucmdb_browser.server.subservices.impl.CIServiceImpl$KeepaliveRunnable.run(CIServiceImpl.java:1848)
 java.lang.Thread.run(Thread.java:748)
23-Feb-2018 10:11:23.471 SEVERE [localhost-startStop-2] org.apache.catalina.loader.WebappClassLoaderBase.checkThreadLocalMapForLeaks The web application [ucmdb-browser] created a ThreadLocal with key of type [com.codahale.metrics.ThreadLocalRandom$1] (value [com.codahale.metrics.ThreadLocalRandom$1@f72ebc]) and a value of type [com.codahale.metrics.ThreadLocalRandom] (value [com.codahale.metrics.ThreadLocalRandom@56a218f4]) but failed to remove it when the web application was stopped. Threads are going to be renewed over time to try and avoid a probable memory leak.
23-Feb-2018 10:11:23.471 SEVERE [localhost-startStop-2] org.apache.catalina.loader.WebappClassLoaderBase.checkThreadLocalMapForLeaks The web application [ucmdb-browser] created a ThreadLocal with key of type [com.codahale.metrics.ThreadLocalRandom$1] (value [com.codahale.metrics.ThreadLocalRandom$1@f72ebc]) and a value of type [com.codahale.metrics.ThreadLocalRandom] (value [com.codahale.metrics.ThreadLocalRandom@76e0d9af]) but failed to remove it when the web application was stopped. Threads are going to be renewed over time to try and avoid a probable memory leak.
23-Feb-2018 10:11:23.471 SEVERE [localhost-startStop-2] org.apache.catalina.loader.WebappClassLoaderBase.checkThreadLocalMapForLeaks The web application [ucmdb-browser] created a ThreadLocal with key of type [com.codahale.metrics.ThreadLocalRandom$1] (value [com.codahale.metrics.ThreadLocalRandom$1@f72ebc]) and a value of type [com.codahale.metrics.ThreadLocalRandom] (value [com.codahale.metrics.ThreadLocalRandom@4d183c89]) but failed to remove it when the web application was stopped. Threads are going to be renewed over time to try and avoid a probable memory leak.
23-Feb-2018 10:11:23.471 SEVERE [localhost-startStop-2] org.apache.catalina.loader.WebappClassLoaderBase.checkThreadLocalMapForLeaks The web application [ucmdb-browser] created a ThreadLocal with key of type [com.codahale.metrics.ThreadLocalRandom$1] (value [com.codahale.metrics.ThreadLocalRandom$1@f72ebc]) and a value of type [com.codahale.metrics.ThreadLocalRandom] (value [com.codahale.metrics.ThreadLocalRandom@74236958]) but failed to remove it when the web application was stopped. Threads are going to be renewed over time to try and avoid a probable memory leak.
23-Feb-2018 10:11:23.471 SEVERE [localhost-startStop-2] org.apache.catalina.loader.WebappClassLoaderBase.checkThreadLocalMapForLeaks The web application [ucmdb-browser] created a ThreadLocal with key of type [com.codahale.metrics.ThreadLocalRandom$1] (value [com.codahale.metrics.ThreadLocalRandom$1@f72ebc]) and a value of type [com.codahale.metrics.ThreadLocalRandom] (value [com.codahale.metrics.ThreadLocalRandom@3280ba90]) but failed to remove it when the web application was stopped. Threads are going to be renewed over time to try and avoid a probable memory leak.
23-Feb-2018 10:11:23.472 SEVERE [localhost-startStop-2] org.apache.catalina.loader.WebappClassLoaderBase.checkThreadLocalMapForLeaks The web application [ucmdb-browser] created a ThreadLocal with key of type [org.owasp.esapi.reference.AbstractAuthenticator.ThreadLocalUser] (value [org.owasp.esapi.reference.AbstractAuthenticator$ThreadLocalUser@21ab695c]) and a value of type [org.owasp.esapi.User$1] (value [org.owasp.esapi.User$1@164803c3]) but failed to remove it when the web application was stopped. Threads are going to be renewed over time to try and avoid a probable memory leak.
23-Feb-2018 10:11:23.472 SEVERE [localhost-startStop-2] org.apache.catalina.loader.WebappClassLoaderBase.checkThreadLocalMapForLeaks The web application [ucmdb-browser] created a ThreadLocal with key of type [com.codahale.metrics.ThreadLocalRandom$1] (value [com.codahale.metrics.ThreadLocalRandom$1@f72ebc]) and a value of type [com.codahale.metrics.ThreadLocalRandom] (value [com.codahale.metrics.ThreadLocalRandom@1e35d33b]) but failed to remove it when the web application was stopped. Threads are going to be renewed over time to try and avoid a probable memory leak.
23-Feb-2018 10:11:23.472 SEVERE [localhost-startStop-2] org.apache.catalina.loader.WebappClassLoaderBase.checkThreadLocalMapForLeaks The web application [ucmdb-browser] created a ThreadLocal with key of type [com.codahale.metrics.ThreadLocalRandom$1] (value [com.codahale.metrics.ThreadLocalRandom$1@f72ebc]) and a value of type [com.codahale.metrics.ThreadLocalRandom] (value [com.codahale.metrics.ThreadLocalRandom@64aeb828]) but failed to remove it when the web application was stopped. Threads are going to be renewed over time to try and avoid a probable memory leak.
23-Feb-2018 10:11:23.472 SEVERE [localhost-startStop-2] org.apache.catalina.loader.WebappClassLoaderBase.checkThreadLocalMapForLeaks The web application [ucmdb-browser] created a ThreadLocal with key of type [com.codahale.metrics.ThreadLocalRandom$1] (value [com.codahale.metrics.ThreadLocalRandom$1@f72ebc]) and a value of type [com.codahale.metrics.ThreadLocalRandom] (value [com.codahale.metrics.ThreadLocalRandom@322ef965]) but failed to remove it when the web application was stopped. Threads are going to be renewed over time to try and avoid a probable memory leak.
23-Feb-2018 10:11:23.472 SEVERE [localhost-startStop-2] org.apache.catalina.loader.WebappClassLoaderBase.checkThreadLocalMapForLeaks The web application [ucmdb-browser] created a ThreadLocal with key of type [com.codahale.metrics.ThreadLocalRandom$1] (value [com.codahale.metrics.ThreadLocalRandom$1@f72ebc]) and a value of type [com.codahale.metrics.ThreadLocalRandom] (value [com.codahale.metrics.ThreadLocalRandom@4fbf390e]) but failed to remove it when the web application was stopped. Threads are going to be renewed over time to try and avoid a probable memory leak.
23-Feb-2018 10:11:23.472 SEVERE [localhost-startStop-2] org.apache.catalina.loader.WebappClassLoaderBase.checkThreadLocalMapForLeaks The web application [ucmdb-browser] created a ThreadLocal with key of type [com.codahale.metrics.ThreadLocalRandom$1] (value [com.codahale.metrics.ThreadLocalRandom$1@f72ebc]) and a value of type [com.codahale.metrics.ThreadLocalRandom] (value [com.codahale.metrics.ThreadLocalRandom@7fa397c9]) but failed to remove it when the web application was stopped. Threads are going to be renewed over time to try and avoid a probable memory leak.
23-Feb-2018 10:11:23.472 SEVERE [localhost-startStop-2] org.apache.catalina.loader.WebappClassLoaderBase.checkThreadLocalMapForLeaks The web application [ucmdb-browser] created a ThreadLocal with key of type [org.springframework.core.NamedInheritableThreadLocal] (value [Request context]) and a value of type [org.springframework.web.context.request.ServletRequestAttributes] (value [org.apache.catalina.connector.RequestFacade@52376596]) but failed to remove it when the web application was stopped. Threads are going to be renewed over time to try and avoid a probable memory leak.
23-Feb-2018 10:11:23.472 SEVERE [localhost-startStop-2] org.apache.catalina.loader.WebappClassLoaderBase.checkThreadLocalMapForLeaks The web application [ucmdb-browser] created a ThreadLocal with key of type [org.springframework.core.NamedInheritableThreadLocal] (value [Locale context]) and a value of type [org.springframework.context.i18n.SimpleLocaleContext] (value [en_US]) but failed to remove it when the web application was stopped. Threads are going to be renewed over time to try and avoid a probable memory leak.
23-Feb-2018 10:11:23.476 INFO [Thread-13] org.apache.coyote.AbstractProtocol.stop Stopping ProtocolHandler ["https-jsse-nio-8443"]
23-Feb-2018 10:11:23.477 INFO [Thread-13] org.apache.coyote.AbstractProtocol.stop Stopping ProtocolHandler ["ajp-nio-8009"]
23-Feb-2018 10:11:23.482 INFO [Thread-13] org.apache.coyote.AbstractProtocol.destroy Destroying ProtocolHandler ["https-jsse-nio-8443"]
23-Feb-2018 10:11:23.483 INFO [Thread-13] org.apache.coyote.AbstractProtocol.destroy Destroying ProtocolHandler ["ajp-nio-8009"]
23-Feb-2018 10:11:46.087 WARNING [main] org.apache.tomcat.util.digester.SetPropertiesRule.begin [SetPropertiesRule]{Server/Service/Engine/Host/Valve} Setting property 'resolveHosts' to 'false' did not find a matching property.
23-Feb-2018 10:11:46.152 INFO [main] org.apache.coyote.AbstractProtocol.init Initializing ProtocolHandler ["https-jsse-nio-8443"]
23-Feb-2018 10:11:46.217 INFO [main] org.apache.tomcat.util.net.NioSelectorPool.getSharedSelector Using a shared selector for servlet write/read
23-Feb-2018 10:11:46.218 INFO [main] org.apache.coyote.AbstractProtocol.init Initializing ProtocolHandler ["ajp-nio-8009"]
23-Feb-2018 10:11:46.219 INFO [main] org.apache.tomcat.util.net.NioSelectorPool.getSharedSelector Using a shared selector for servlet write/read
23-Feb-2018 10:11:46.220 INFO [main] org.apache.catalina.startup.Catalina.load Initialization processed in 504 ms
23-Feb-2018 10:11:46.246 INFO [main] org.apache.catalina.core.StandardService.startInternal Starting service [Catalina]
23-Feb-2018 10:11:46.246 INFO [main] org.apache.catalina.core.StandardEngine.startInternal Starting Servlet Engine: Apache Tomcat
23-Feb-2018 10:11:46.283 INFO [localhost-startStop-1] org.apache.catalina.startup.HostConfig.deployWAR Deploying web application archive [/usr/local/tomcat/webapps/discovery-log.war]
23-Feb-2018 10:11:49.581 INFO [localhost-startStop-1] org.apache.jasper.servlet.TldScanner.scanJars At least one JAR was scanned for TLDs yet contained no TLDs. Enable debug logging for this logger for a complete list of JARs that were scanned but no TLDs were found in them. Skipping unneeded JARs during scanning can improve startup time and JSP compilation time.
23-Feb-2018 10:11:50.765 WARNING [localhost-startStop-1] org.apache.catalina.util.SessionIdGeneratorBase.createSecureRandom Creation of SecureRandom instance for session ID generation using [SHA1PRNG] took [246] milliseconds.
23-Feb-2018 10:11:51.270 INFO [localhost-startStop-1] org.apache.catalina.startup.HostConfig.deployWAR Deployment of web application archive [/usr/local/tomcat/webapps/discovery-log.war] has finished in [4,987] ms
23-Feb-2018 10:11:51.272 INFO [localhost-startStop-1] org.apache.catalina.startup.HostConfig.deployWAR Deploying web application archive [/usr/local/tomcat/webapps/discovery.war]
23-Feb-2018 10:11:53.633 INFO [localhost-startStop-1] org.apache.jasper.servlet.TldScanner.scanJars At least one JAR was scanned for TLDs yet contained no TLDs. Enable debug logging for this logger for a complete list of JARs that were scanned but no TLDs were found in them. Skipping unneeded JARs during scanning can improve startup time and JSP compilation time.
23-Feb-2018 10:12:10.479 WARNING [localhost-startStop-1] org.apache.catalina.util.SessionIdGeneratorBase.createSecureRandom Creation of SecureRandom instance for session ID generation using [SHA1PRNG] took [15,936] milliseconds.
23-Feb-2018 10:12:10.947 INFO [localhost-startStop-1] org.apache.catalina.startup.HostConfig.deployWAR Deployment of web application archive [/usr/local/tomcat/webapps/discovery.war] has finished in [19,675] ms
23-Feb-2018 10:12:10.949 INFO [localhost-startStop-1] org.apache.catalina.startup.HostConfig.deployWAR Deploying web application archive [/usr/local/tomcat/webapps/new-ui.war]
23-Feb-2018 10:12:13.491 INFO [localhost-startStop-1] org.apache.jasper.servlet.TldScanner.scanJars At least one JAR was scanned for TLDs yet contained no TLDs. Enable debug logging for this logger for a complete list of JARs that were scanned but no TLDs were found in them. Skipping unneeded JARs during scanning can improve startup time and JSP compilation time.
23-Feb-2018 10:12:14.191 INFO [localhost-startStop-1] org.apache.catalina.startup.HostConfig.deployWAR Deployment of web application archive [/usr/local/tomcat/webapps/new-ui.war] has finished in [3,242] ms
23-Feb-2018 10:12:14.194 INFO [localhost-startStop-1] org.apache.catalina.startup.HostConfig.deployWAR Deploying web application archive [/usr/local/tomcat/webapps/ucmdb-browser.war]
23-Feb-2018 10:12:22.641 INFO [localhost-startStop-1] org.apache.jasper.servlet.TldScanner.scanJars At least one JAR was scanned for TLDs yet contained no TLDs. Enable debug logging for this logger for a complete list of JARs that were scanned but no TLDs were found in them. Skipping unneeded JARs during scanning can improve startup time and JSP compilation time.
23-Feb-2018 10:12:24.080 INFO [localhost-startStop-1] org.apache.catalina.startup.HostConfig.deployWAR Deployment of web application archive [/usr/local/tomcat/webapps/ucmdb-browser.war] has finished in [9,886] ms
23-Feb-2018 10:12:24.083 INFO [main] org.apache.coyote.AbstractProtocol.start Starting ProtocolHandler ["https-jsse-nio-8443"]
23-Feb-2018 10:12:24.089 INFO [main] org.apache.coyote.AbstractProtocol.start Starting ProtocolHandler ["ajp-nio-8009"]
23-Feb-2018 10:12:24.091 INFO [main] org.apache.catalina.startup.Catalina.start Server startup in 37870 ms
